Environment variables:
  - COLORTERM=truecolor
  - DBUS_SESSION_BUS_ADDRESS=unix:abstract=/tmp/dbus-GQUIyFSLd5,guid=8cea5977275e2f56353205cd5e2eb28e
  - DISPLAY=:1
  - GJS_DEBUG_OUTPUT=stderr
  - GJS_DEBUG_TOPICS=JS ERROR;JS LOG
  - GNOME_DESKTOP_SESSION_ID=this-is-deprecated
  - GNOME_SHELL_SESSION_MODE=classic
  - GNOME_TERMINAL_SCREEN=/org/gnome/Terminal/screen/bc1339d0_d36e_48bc_8638_bd02080e424f
  - GNOME_TERMINAL_SERVICE=:1.118
  - HISTCONTROL=ignoredups
  - HISTSIZE=1000
  - HOME=/root
  - HOSTNAME=shashi
  - IMSETTINGS_INTEGRATE_DESKTOP=yes
  - IMSETTINGS_MODULE=none
  - JAVA_HOME=/opt/sonar-scanner-4.2.0.1873-linux/jre
  - KDEDIRS=/usr
  - LANG=en_IN.UTF-8
  - LESSOPEN=||/usr/bin/lesspipe.sh %s
  - LOGNAME=root
  - LS_COLORS=rs=0:di=38;5;27:ln=38;5;51:mh=44;38;5;15:pi=40;38;5;11:so=38;5;13:do=38;5;5:bd=48;5;232;38;5;11:cd=48;5;232;38;5;3:or=48;5;232;38;5;9:mi=05;48;5;232;38;5;15:su=48;5;196;38;5;15:sg=48;5;11;38;5;16:ca=48;5;196;38;5;226:tw=48;5;10;38;5;16:ow=48;5;10;38;5;21:st=48;5;21;38;5;15:ex=38;5;34:*.tar=38;5;9:*.tgz=38;5;9:*.arc=38;5;9:*.arj=38;5;9:*.taz=38;5;9:*.lha=38;5;9:*.lz4=38;5;9:*.lzh=38;5;9:*.lzma=38;5;9:*.tlz=38;5;9:*.txz=38;5;9:*.tzo=38;5;9:*.t7z=38;5;9:*.zip=38;5;9:*.z=38;5;9:*.Z=38;5;9:*.dz=38;5;9:*.gz=38;5;9:*.lrz=38;5;9:*.lz=38;5;9:*.lzo=38;5;9:*.xz=38;5;9:*.bz2=38;5;9:*.bz=38;5;9:*.tbz=38;5;9:*.tbz2=38;5;9:*.tz=38;5;9:*.deb=38;5;9:*.rpm=38;5;9:*.jar=38;5;9:*.war=38;5;9:*.ear=38;5;9:*.sar=38;5;9:*.rar=38;5;9:*.alz=38;5;9:*.ace=38;5;9:*.zoo=38;5;9:*.cpio=38;5;9:*.7z=38;5;9:*.rz=38;5;9:*.cab=38;5;9:*.jpg=38;5;13:*.jpeg=38;5;13:*.gif=38;5;13:*.bmp=38;5;13:*.pbm=38;5;13:*.pgm=38;5;13:*.ppm=38;5;13:*.tga=38;5;13:*.xbm=38;5;13:*.xpm=38;5;13:*.tif=38;5;13:*.tiff=38;5;13:*.png=38;5;13:*.svg=38;5;13:*.svgz=38;5;13:*.mng=38;5;13:*.pcx=38;5;13:*.mov=38;5;13:*.mpg=38;5;13:*.mpeg=38;5;13:*.m2v=38;5;13:*.mkv=38;5;13:*.webm=38;5;13:*.ogm=38;5;13:*.mp4=38;5;13:*.m4v=38;5;13:*.mp4v=38;5;13:*.vob=38;5;13:*.qt=38;5;13:*.nuv=38;5;13:*.wmv=38;5;13:*.asf=38;5;13:*.rm=38;5;13:*.rmvb=38;5;13:*.flc=38;5;13:*.avi=38;5;13:*.fli=38;5;13:*.flv=38;5;13:*.gl=38;5;13:*.dl=38;5;13:*.xcf=38;5;13:*.xwd=38;5;13:*.yuv=38;5;13:*.cgm=38;5;13:*.emf=38;5;13:*.axv=38;5;13:*.anx=38;5;13:*.ogv=38;5;13:*.ogx=38;5;13:*.aac=38;5;45:*.au=38;5;45:*.flac=38;5;45:*.mid=38;5;45:*.midi=38;5;45:*.mka=38;5;45:*.mp3=38;5;45:*.mpc=38;5;45:*.ogg=38;5;45:*.ra=38;5;45:*.wav=38;5;45:*.axa=38;5;45:*.oga=38;5;45:*.spx=38;5;45:*.xspf=38;5;45:
  - MAIL=/var/spool/mail/root
  - PATH=/usr/lib64/qt-3.3/bin:/usr/local/sbin:/usr/local/bin:/usr/sbin:/usr/bin:/root/bin:/opt/vagrant/bin:/root/.local/lib/aws/bin/:/home/aky/.local/lib/aws/bin:/usr/local/bin:/opt/sonarqube/bin:/opt/sonar-scanner-4.2.0.1873-linux/bin
  - PWD=/opt/sonar-scanner-4.2.0.1873-linux/bin
  - QTDIR=/usr/lib64/qt-3.3
  - QTINC=/usr/lib64/qt-3.3/include
  - QTLIB=/usr/lib64/qt-3.3/lib
  - QT_GRAPHICSSYSTEM_CHECKED=1
  - QT_IM_MODULE=ibus
  - QT_PLUGIN_PATH=/usr/lib64/kde4/plugins:/usr/lib/kde4/plugins
  - SELINUX_LEVEL_REQUESTED=
  - SELINUX_ROLE_REQUESTED=
  - SELINUX_USE_CURRENT_RANGE=
  - SESSION_MANAGER=local/unix:@/tmp/.ICE-unix/30668,unix/unix:/tmp/.ICE-unix/30668
  - SHELL=/bin/bash
  - SHLVL=3
  - SSH_AGENT_PID=30767
  - SSH_AUTH_SOCK=/tmp/ssh-5Ns4qze0pmis/agent.30668
  - SSH_CLIENT=135.27.117.182 64609 22
  - SSH_CONNECTION=135.27.117.182 64609 10.133.137.39 22
  - SSH_TTY=/dev/pts/0
  - TERM=xterm-256color
  - USER=root
  - VNCDESKTOP=shashi:1 (root)
  - VTE_VERSION=5202
  - XDG_CURRENT_DESKTOP=GNOME
  - XDG_DATA_DIRS=/root/.local/share/flatpak/exports/share:/var/lib/flatpak/exports/share:/usr/local/share:/usr/share
  - XDG_MENU_PREFIX=gnome-
  - XDG_RUNTIME_DIR=/run/user/0
  - XDG_SESSION_ID=5
  - XMODIFIERS=@im=ibus
System properties:
  - awt.toolkit=sun.awt.X11.XToolkit
  - file.encoding=UTF-8
  - file.separator=/
  - java.awt.graphicsenv=sun.awt.X11GraphicsEnvironment
  - java.awt.headless=true
  - java.awt.printerjob=sun.print.PSPrinterJob
  - java.class.path=/opt/sonar-scanner-4.2.0.1873-linux/lib/sonar-scanner-cli-4.2.0.1873.jar
  - java.class.version=55.0
  - java.home=/opt/sonar-scanner-4.2.0.1873-linux/jre
  - java.io.tmpdir=/tmp
  - java.library.path=/usr/java/packages/lib:/usr/lib64:/lib64:/lib:/usr/lib
  - java.runtime.name=OpenJDK Runtime Environment
  - java.runtime.version=11.0.3+7
  - java.specification.name=Java Platform API Specification
  - java.specification.vendor=Oracle Corporation
  - java.specification.version=11
  - java.vendor=AdoptOpenJDK
  - java.vendor.url=https://adoptopenjdk.net/
  - java.vendor.url.bug=https://github.com/AdoptOpenJDK/openjdk-build/issues
  - java.vendor.version=AdoptOpenJDK
  - java.version=11.0.3
  - java.version.date=2019-04-16
  - java.vm.compressedOopsMode=Zero based
  - java.vm.info=mixed mode
  - java.vm.name=OpenJDK 64-Bit Server VM
  - java.vm.specification.name=Java Virtual Machine Specification
  - java.vm.specification.vendor=Oracle Corporation
  - java.vm.specification.version=11
  - java.vm.vendor=AdoptOpenJDK
  - java.vm.version=11.0.3+7
  - jdk.debug=release
  - line.separator=

  - os.arch=amd64
  - os.name=Linux
  - os.version=3.10.0-1062.9.1.el7.x86_64
  - path.separator=:
  - project.home=/opt/sonar-scanner-4.2.0.1873-linux/bin
  - scanner.home=/opt/sonar-scanner-4.2.0.1873-linux
  - sun.arch.data.model=64
  - sun.boot.library.path=/opt/sonar-scanner-4.2.0.1873-linux/jre/lib
  - sun.cpu.endian=little
  - sun.cpu.isalist=
  - sun.desktop=gnome
  - sun.io.unicode.encoding=UnicodeLittle
  - sun.java.command=org.sonarsource.scanner.cli.Main -X
  - sun.java.launcher=SUN_STANDARD
  - sun.jnu.encoding=UTF-8
  - sun.management.compiler=HotSpot 64-Bit Tiered Compilers
  - sun.os.patch.level=unknown
  - user.country=IN
  - user.dir=/opt/sonar-scanner-4.2.0.1873-linux/bin
  - user.home=/root
  - user.language=en
  - user.name=root
  - user.timezone=Asia/Kolkata
SonarQube plugins:
  - SonarPython 1.11.0.2473 (python)
  - SonarCSS 1.0.3.724 (cssfamily)
  - JaCoCo 1.0.1.143 (jacoco)
  - SonarGo 1.1.0.1612 (go)
  - SonarKotlin 1.4.0.155 (kotlin)
  - Svn 1.9.0.1295 (scmsvn)
  - SonarJS 5.0.0.6962 (javascript)
  - SonarRuby 1.4.0.155 (ruby)
  - SonarScala 1.4.0.155 (sonarscala)
  - SonarC# 7.10.0.7896 (csharp)
  - SonarJava 5.10.1.16922 (java)
  - LDAP 2.2.0.608 (ldap)
  - SonarHTML 3.1.0.1615 (web)
  - Git 1.7.0.1491 (scmgit)
  - SonarFlex 2.4.0.1222 (flex)
  - SonarXML 2.0.1.2020 (xml)
  - SonarPHP 2.16.0.4355 (php)
  - SonarTS 1.9.0.3766 (typescript)
  - SonarVB 7.10.0.7896 (vbnet)
Global server settings:
  - sonar.core.id=A7EE8CF2-AXHJjWZMHdWIyroA713c
  - sonar.core.startTime=2020-04-30T10:56:56+0530
Project server settings:
Project scanner properties:
  - sonar.host.url=http://127.0.0.1:9000/sonarqube
  - sonar.projectBaseDir=/root/swathi/sonarpython
  - sonar.projectKey=sonarpython
  - sonar.projectName=sonarpython
  - sonar.projectVersion=1.0
  - sonar.scanner.app=ScannerCli
  - sonar.scanner.appVersion=4.2.0.1873
  - sonar.sourceEncoding=UTF-8
  - sonar.sources=test
  - sonar.verbose=true
  - sonar.working.directory=/root/swathi/sonarpython/.scannerwork
